<?xml version="1.0" encoding="UTF-8"?>
<testsuite xmlns:xsi="http://www.w3.org/2001/XMLSchema-instance" xsi:noNamespaceSchemaLocation="https://maven.apache.org/surefire/maven-surefire-plugin/xsd/surefire-test-report-3.0.xsd" version="3.0" name="JeopardyGameTests" time="1.264" tests="17" errors="0" skipped="0" failures="0">
  <properties>
[...]
</properties>
  <testcase name="testCorrectLetterAnswer" classname="JeopardyGameTests" time="0.041"/>
  <testcase name="testCSVReader" classname="JeopardyGameTests" time="0.008"/>
  <testcase name="testPlayerAddScore" classname="JeopardyGameTests" time="0.003"/>
  <testcase name="testAddAndRetrieveQuestions" classname="JeopardyGameTests" time="0.003"/>
  <testcase name="testFactoryDefaultsToCVS" classname="JeopardyGameTests" time="0.002"/>
  <testcase name="testIncorrectLetterAnswer" classname="JeopardyGameTests" time="0.001"/>
  <testcase name="testGetCategories" classname="JeopardyGameTests" time="0.001"/>
  <testcase name="testPDFReportWriter" classname="JeopardyGameTests" time="0.157">
    <system-out><![CDATA[Game data successfully written to PDF file: test_report.pdf
]]></system-out>
  </testcase>
  <testcase name="testTXTReportWriter" classname="JeopardyGameTests" time="0.003">
    <system-out><![CDATA[Game data successfully written to TXT file: test_report.txt
]]></system-out>
  </testcase>
  <testcase name="testJSONReader" classname="JeopardyGameTests" time="0.202"/>
  <testcase name="testDOCXReportWriter" classname="JeopardyGameTests" time="0.698">
    <system-out><![CDATA[Game data successfully written to DOCX file: test_report.docx
]]></system-out>
    <system-err><![CDATA[ERROR StatusLogger Log4j2 could not find a logging implementation. Please add log4j-core to the classpath. Using SimpleLogger to log to the console...
]]></system-err>
  </testcase>
  <testcase name="testPlayerGetName" classname="JeopardyGameTests" time="0.001"/>
  <testcase name="testXMLReader" classname="JeopardyGameTests" time="0.091"/>
  <testcase name="testSetAnswered" classname="JeopardyGameTests" time="0.0"/>
  <testcase name="testFactoryProducesCorrectStrategies" classname="JeopardyGameTests" time="0.001"/>
  <testcase name="testNumberAnswer" classname="JeopardyGameTests" time="0.001"/>
  <testcase name="testLoggerCreatesCSVLog" classname="JeopardyGameTests" time="0.004">
    <system-out><![CDATA[Game data successfully written to CSV file: game_event_log.csv
]]></system-out>
  </testcase>
</testsuite>